2026-04-06 12:56:24 [ERROR] data-collector: Processing event batch 0
2026-04-06 12:55:24 [ERROR] data-collector: Processing event batch 1
2026-04-06 12:54:24 [WARNING] api-gateway: Processing event batch 2
2026-04-06 12:53:24 [WARNING] data-collector: Processing event batch 3
2026-04-06 12:52:24 [ERROR] auth-service: Processing event batch 4
2026-04-06 12:51:24 [CRITICAL] auth-service: Processing event batch 5
2026-04-06 12:50:24 [INFO] data-collector: Processing event batch 6
2026-04-06 12:49:24 [ERROR] api-gateway: Processing event batch 7
2026-04-06 12:48:24 [CRITICAL] auth-service: Processing event batch 8
2026-04-06 12:47:24 [WARNING] data-collector: Processing event batch 9
2026-04-06 12:46:24 [WARNING] data-collector: Processing event batch 10
2026-04-06 12:45:24 [ERROR] data-collector: Processing event batch 11
2026-04-06 12:44:24 [CRITICAL] api-gateway: Processing event batch 12
2026-04-06 12:43:24 [ERROR] data-collector: Processing event batch 13
2026-04-06 12:42:24 [CRITICAL] api-gateway: Processing event batch 14
2026-04-06 12:41:24 [INFO] auth-service: Processing event batch 15
2026-04-06 12:40:24 [WARNING] api-gateway: Processing event batch 16
2026-04-06 12:39:24 [CRITICAL] auth-service: Processing event batch 17
2026-04-06 12:38:24 [WARNING] auth-service: Processing event batch 18
2026-04-06 12:37:24 [INFO] data-collector: Processing event batch 19
2026-04-06 12:36:24 [WARNING] auth-service: Processing event batch 20
2026-04-06 12:35:24 [INFO] data-collector: Processing event batch 21
2026-04-06 12:34:24 [CRITICAL] data-collector: Processing event batch 22
2026-04-06 12:33:24 [ERROR] api-gateway: Processing event batch 23
2026-04-06 12:32:24 [WARNING] api-gateway: Processing event batch 24
2026-04-06 12:31:24 [INFO] data-collector: Processing event batch 25
2026-04-06 12:30:24 [CRITICAL] auth-service: Processing event batch 26
2026-04-06 12:29:24 [CRITICAL] auth-service: Processing event batch 27
2026-04-06 12:28:24 [CRITICAL] auth-service: Processing event batch 28
2026-04-06 12:27:24 [CRITICAL] data-collector: Processing event batch 29
2026-04-06 12:26:24 [INFO] api-gateway: Processing event batch 30
2026-04-06 12:25:24 [WARNING] api-gateway: Processing event batch 31
2026-04-06 12:24:24 [WARNING] auth-service: Processing event batch 32
2026-04-06 12:23:24 [ERROR] data-collector: Processing event batch 33
2026-04-06 12:22:24 [WARNING] auth-service: Processing event batch 34
2026-04-06 12:21:24 [ERROR] auth-service: Processing event batch 35
2026-04-06 12:20:24 [WARNING] auth-service: Processing event batch 36
2026-04-06 12:19:24 [ERROR] auth-service: Processing event batch 37
2026-04-06 12:18:24 [INFO] api-gateway: Processing event batch 38
2026-04-06 12:17:24 [WARNING] api-gateway: Processing event batch 39
2026-04-06 12:16:24 [CRITICAL] data-collector: Processing event batch 40
2026-04-06 12:15:24 [WARNING] auth-service: Processing event batch 41
2026-04-06 12:14:24 [CRITICAL] auth-service: Processing event batch 42
2026-04-06 12:13:24 [CRITICAL] data-collector: Processing event batch 43
2026-04-06 12:12:24 [ERROR] auth-service: Processing event batch 44
2026-04-06 12:11:24 [INFO] data-collector: Processing event batch 45
2026-04-06 12:10:24 [INFO] data-collector: Processing event batch 46
2026-04-06 12:09:24 [WARNING] data-collector: Processing event batch 47
2026-04-06 12:08:24 [WARNING] api-gateway: Processing event batch 48
2026-04-06 12:07:24 [INFO] auth-service: Processing event batch 49
